time="2025-04-28T20:44:04Z" level=error msg="accept tcp [::]:80: use of closed network connection" entryPointName=web
time="2025-04-28T20:44:04Z" level=error msg="close tcp [::]:80: use of closed network connection" entryPointName=web
time="2025-04-28T20:44:04Z" level=error msg="accept tcp [::]:8080: use of closed network connection" entryPointName=traefik
time="2025-04-28T20:44:04Z" level=error msg="close tcp [::]:8080: use of closed network connection" entryPointName=traefik
time="2025-04-28T20:44:04Z" level=error msg="accept tcp [::]:443: use of closed network connection" entryPointName=websecure
time="2025-04-28T20:44:04Z" level=error msg="close tcp [::]:443: use of closed network connection" entryPointName=websecure
2025-04-28T21:42:04Z ERR error="accept tcp [::]:443: use of closed network connection" entryPointName=websecure
2025-04-28T21:42:04Z ERR error="accept tcp [::]:80: use of closed network connection" entryPointName=web
2025-04-28T21:42:04Z ERR error="accept tcp [::]:8080: use of closed network connection" entryPointName=traefik
2025-04-28T21:42:04Z ERR Error while starting server error="accept tcp [::]:80: use of closed network connection" entryPointName=web
2025-04-28T21:42:04Z ERR error="close tcp [::]:8080: use of closed network connection" entryPointName=traefik
2025-04-28T21:42:04Z ERR error="close tcp [::]:443: use of closed network connection" entryPointName=websecure
2025-04-28T21:52:30Z ERR error="accept tcp [::]:8080: use of closed network connection" entryPointName=traefik
2025-04-28T21:52:30Z ERR Error while starting server error="accept tcp [::]:8080: use of closed network connection" entryPointName=traefik
2025-04-28T21:52:30Z ERR error="accept tcp [::]:80: use of closed network connection" entryPointName=web
2025-04-28T21:52:30Z ERR Error while starting server error="accept tcp [::]:80: use of closed network connection" entryPointName=web
2025-04-28T21:52:30Z ERR error="accept tcp [::]:443: use of closed network connection" entryPointName=websecure
2025-04-28T21:52:30Z ERR Error while starting server error="accept tcp [::]:443: use of closed network connection" entryPointName=websecure
2025-04-29T18:54:29Z ERR error="accept tcp [::]:8080: use of closed network connection" entryPointName=traefik
2025-04-29T18:54:29Z ERR error="accept tcp [::]:443: use of closed network connection" entryPointName=websecure
2025-04-29T18:54:29Z ERR error="close tcp [::]:443: use of closed network connection" entryPointName=websecure
2025-04-29T18:54:29Z ERR error="close tcp [::]:8080: use of closed network connection" entryPointName=traefik
2025-04-29T18:54:29Z ERR error="accept tcp [::]:80: use of closed network connection" entryPointName=web
2025-04-29T18:54:29Z ERR error="close tcp [::]:80: use of closed network connection" entryPointName=web
2025-04-29T19:51:17Z ERR Router uses a nonexistent certificate resolver certificateResolver=le routerName=it-tools@docker
2025-04-29T19:56:47Z ERR Router uses a nonexistent certificate resolver certificateResolver=le routerName=it-tools@docker
2025-04-29T20:51:49Z ERR error="accept tcp [::]:80: use of closed network connection" entryPointName=web
2025-04-29T20:51:49Z ERR error="accept tcp [::]:8080: use of closed network connection" entryPointName=traefik
2025-04-29T20:51:49Z ERR error="close tcp [::]:80: use of closed network connection" entryPointName=web
2025-04-29T20:51:49Z ERR error="accept tcp [::]:443: use of closed network connection" entryPointName=websecure
2025-04-29T20:51:49Z ERR error="close tcp [::]:8080: use of closed network connection" entryPointName=traefik
2025-04-29T20:51:49Z ERR error="close tcp [::]:443: use of closed network connection" entryPointName=websecure
2025-04-29T20:52:11Z ERR Router uses a nonexistent certificate resolver certificateResolver=le routerName=it-tools@docker
---

